build/app/outputs/mapping/release/mapping.txt
# compiler: R8
# compiler_version: 1.5.69
# min_api: 16
# pg_map_id: b228426
...
io.flutter.plugin.common.StandardMethodCodec -> b.a.b.a.n:
    io.flutter.plugin.common.StandardMessageCodec messageCodec -> a
    io.flutter.plugin.common.StandardMethodCodec INSTANCE -> b
    io.flutter.plugin.common.MethodCall decodeMethodCall(java.nio.ByteBuffer) -> a
    java.nio.ByteBuffer encodeErrorEnvelope(java.lang.String,java.lang.String,java.lang.Object) -> a
    java.nio.ByteBuffer encodeMethodCall(io.flutter.plugin.common.MethodCall) -> a
    java.nio.ByteBuffer encodeSuccessEnvelope(java.lang.Object) -> a
    java.lang.String getStackTrace(java.lang.Throwable) -> a
    java.lang.Object decodeEnvelope(java.nio.ByteBuffer) -> b
io.flutter.plugin.common.StringCodec -> b.a.b.a.o:
    java.nio.charset.Charset UTF8 -> a
    io.flutter.plugin.common.StringCodec INSTANCE -> b
    java.lang.Object decodeMessage(java.nio.ByteBuffer) -> a
    java.lang.String decodeMessage(java.nio.ByteBuffer) -> a
    java.nio.ByteBuffer encodeMessage(java.lang.Object) -> a
    java.nio.ByteBuffer encodeMessage(java.lang.String) -> a
io.flutter.plugin.editing.FlutterTextUtils -> b.a.b.b.a:
    io.flutter.embedding.engine.FlutterJNI flutterJNI -> a
    int getOffsetBefore(java.lang.CharSequence,int) -> a
    boolean isEmoji(int) -> a
    boolean isEmojiModifier(int) -> b
    boolean isEmojiModifierBase(int) -> c
    boolean isKeycapBase(int) -> d
    boolean isRegionalIndicatorSymbol(int) -> e
    boolean isTagSpecChar(int) -> f
    boolean isVariationSelector(int) -> g
io.flutter.plugin.editing.InputConnectionAdaptor -> b.a.b.b.b:
    io.flutter.plugin.editing.InputConnectionAdaptor$TextEditingValue mLastSentTextEditngValue -> l
    io.flutter.embedding.engine.systemchannels.TextInputChannel textInputChannel -> c
    io.flutter.plugin.editing.FlutterTextUtils flutterTextUtils -> i
    boolean isSamsung -> j
    android.view.inputmethod.EditorInfo mEditorInfo -> e
    boolean mRepeatCheckNeeded -> k
    android.view.View mFlutterView -> a
    int mBatchCount -> f
    android.view.inputmethod.InputMethodManager mImm -> g
    android.text.Editable mEditable -> d
    int mClient -> b
    android.text.Layout mLayout -> h
    int clampIndexToEditable(int,android.text.Editable) -> a
    void markDirty() -> a
    boolean isSamsung() -> b
    void updateEditingState() -> c
io.flutter.plugin.editing.InputConnectionAdaptor$TextEditingValue -> b.a.b.b.b$a:
    int composingEnd -> d
    int selectionEnd -> b
    int composingStart -> c
    java.lang.String text -> e
    int selectionStart -> a
io.flutter.plugin.editing.TextInputPlugin -> b.a.b.b.c:
    android.view.autofill.AutofillManager afm -> c
    boolean restartAlwaysRequired -> m
    boolean isInputConnectionLocked -> n
    io.flutter.plugin.editing.TextInputPlugin$InputTarget inputTarget -> e
    boolean mRestartInputPending -> i
    io.flutter.plugin.platform.PlatformViewsController platformViewsController -> k
    io.flutter.embedding.engine.systemchannels.TextInputChannel$Configuration configuration -> f
    android.view.inputmethod.InputConnection lastInputConnection -> j
    android.view.inputmethod.InputMethodManager mImm -> b
    io.flutter.embedding.engine.systemchannels.TextInputChannel textInputChannel -> d
    android.graphics.Rect lastClientRect -> l
    android.text.Editable mEditable -> h
    android.view.View mView -> a
    android.util.SparseArray mAutofillConfigurations -> g
    android.view.View access$000(io.flutter.plugin.editing.TextInputPlugin) -> a
    void access$100(io.flutter.plugin.editing.TextInputPlugin,android.view.View) -> a
    void access$400(io.flutter.plugin.editing.TextInputPlugin,int) -> a
    void access$500(io.flutter.plugin.editing.TextInputPlugin,double,double,double[]) -> a
    void applyStateToSelection(io.flutter.embedding.engine.systemchannels.TextInputChannel$TextEditState) -> a
    void autofill(android.util.SparseArray) -> a
    void clearPlatformViewClient(int) -> a